[2019-12-13 14:19:02.817] [INFO] PgService - SSL to Postgresql disabled
[2019-12-13 14:19:02.819] [INFO] PgService - connecting to Postgresql postgres://hppoc:******@127.0.0.1:5432/fabricexplorer
[2019-12-13 14:19:02.822] [INFO] PgService - Please set logger.setLevel to DEBUG in ./app/helper.js to log the debugging.
[2019-12-13 14:19:11.951] [INFO] PgService - SSL to Postgresql disabled
[2019-12-13 14:19:11.952] [INFO] PgService - connecting to Postgresql postgres://hppoc:******@127.0.0.1:5432/fabricexplorer
[2019-12-13 14:19:11.953] [INFO] PgService - Please set logger.setLevel to DEBUG in ./app/helper.js to log the debugging.
[2019-12-13 14:19:15.816] [DEBUG] PgService -  the getRowsBySQlCase  select * from channel where name='dut-channel' and channel_genesis_hash='aa232e91fac595d553e0e8c10a58dff82438f553fd27a068ddf44bc0277fd0ef' 
[2019-12-13 14:19:15.867] [DEBUG] PgService -  the getRowByPkOne sql select count(1) as c from peer where channel_genesis_hash='aa232e91fac595d553e0e8c10a58dff82438f553fd27a068ddf44bc0277fd0ef' and server_hostname='peer0.udn.bkeca.com' 
[2019-12-13 14:19:15.869] [DEBUG] PgService -  the getRowByPkOne sql select count(1) as c from peer_ref_channel prc where prc.peerid = 'peer0.udn.bkeca.com' and prc.channelid='aa232e91fac595d553e0e8c10a58dff82438f553fd27a068ddf44bc0277fd0ef' 
[2019-12-13 14:19:15.870] [DEBUG] PgService -  the getRowByPkOne sql select count(1) as c from peer where channel_genesis_hash='aa232e91fac595d553e0e8c10a58dff82438f553fd27a068ddf44bc0277fd0ef' and server_hostname='peer1.udn.bkeca.com' 
[2019-12-13 14:19:15.870] [DEBUG] PgService -  the getRowByPkOne sql select count(1) as c from peer_ref_channel prc where prc.peerid = 'peer1.udn.bkeca.com' and prc.channelid='aa232e91fac595d553e0e8c10a58dff82438f553fd27a068ddf44bc0277fd0ef' 
[2019-12-13 14:19:15.870] [DEBUG] PgService -  the getRowByPkOne sql select count(1) as c from peer where channel_genesis_hash='aa232e91fac595d553e0e8c10a58dff82438f553fd27a068ddf44bc0277fd0ef' and server_hostname='peer1.dut.bkeca.com' 
[2019-12-13 14:19:15.870] [DEBUG] PgService -  the getRowByPkOne sql select count(1) as c from peer_ref_channel prc where prc.peerid = 'peer1.dut.bkeca.com' and prc.channelid='aa232e91fac595d553e0e8c10a58dff82438f553fd27a068ddf44bc0277fd0ef' 
[2019-12-13 14:19:15.871] [DEBUG] PgService -  the getRowByPkOne sql select count(1) as c from peer where channel_genesis_hash='aa232e91fac595d553e0e8c10a58dff82438f553fd27a068ddf44bc0277fd0ef' and server_hostname='peer0.dut.bkeca.com' 
[2019-12-13 14:19:15.871] [DEBUG] PgService -  the getRowByPkOne sql select count(1) as c from peer_ref_channel prc where prc.peerid = 'peer0.dut.bkeca.com' and prc.channelid='aa232e91fac595d553e0e8c10a58dff82438f553fd27a068ddf44bc0277fd0ef' 
[2019-12-13 14:19:15.872] [DEBUG] PgService -  the getRowByPkOne sql select count(1) as c from peer where channel_genesis_hash='aa232e91fac595d553e0e8c10a58dff82438f553fd27a068ddf44bc0277fd0ef' and server_hostname='orderer.bkeca.com' 
[2019-12-13 14:19:15.872] [DEBUG] PgService -  the getRowByPkOne sql select count(1) as c from peer_ref_channel prc where prc.peerid = 'orderer.bkeca.com' and prc.channelid='aa232e91fac595d553e0e8c10a58dff82438f553fd27a068ddf44bc0277fd0ef' 
[2019-12-13 14:19:15.974] [DEBUG] PgService -  the getRowByPkOne sql select count(1) as c from chaincodes where name='bkeca' and
        channel_genesis_hash='aa232e91fac595d553e0e8c10a58dff82438f553fd27a068ddf44bc0277fd0ef' and version='2.0' and path='github.com/chaincode/bkeca/'
[2019-12-13 14:19:15.978] [DEBUG] PgService -  the getRowByPkOne sql select count(1) as c from peer_ref_chaincode prc where prc.peerid= 'peer0.udn.bkeca.com' and prc.chaincodeid='bkeca' and cc_version='2.0' and channelid='aa232e91fac595d553e0e8c10a58dff82438f553fd27a068ddf44bc0277fd0ef'
[2019-12-13 14:19:15.980] [DEBUG] PgService -  the getRowByPkOne sql select count(1) as c from peer_ref_chaincode prc where prc.peerid= 'peer0.dut.bkeca.com' and prc.chaincodeid='bkeca' and cc_version='2.0' and channelid='aa232e91fac595d553e0e8c10a58dff82438f553fd27a068ddf44bc0277fd0ef'
[2019-12-13 14:19:16.069] [DEBUG] PgService -  the getRowByPkOne sql select count(1) as c from transactions where blockid='15' and txhash='fcc05527cbeffcc4fdfbea3090e8a828cd7ef6863e6c547f5da6d4c72941dc64' and channel_genesis_hash='aa232e91fac595d553e0e8c10a58dff82438f553fd27a068ddf44bc0277fd0ef'
[2019-12-13 14:19:16.070] [DEBUG] PgService - Insert sql is INSERT INTO transactions  ( "blockid","txhash","createdt","chaincodename","chaincode_id","status","creator_msp_id","endorser_msp_id","type","read_set","write_set","channel_genesis_hash","validation_code","envelope_signature","payload_extension","creator_nonce","chaincode_proposal_input","endorser_signature","creator_id_bytes","payload_proposal_hash","endorser_id_bytes" ) VALUES( $1,$2,$3,$4,$5,$6,$7,$8,$9,$10,$11,$12,$13,$14,$15,$16,$17,$18,$19,$20,$21  ) RETURNING *;
[2019-12-13 14:19:16.146] [DEBUG] PgService - --------------------------INSERT----------------------------
[2019-12-13 14:19:16.146] [DEBUG] PgService - -----------------------------------------------------------------


[2019-12-13 14:19:16.146] [DEBUG] PgService - update sql is :  update chaincodes set txcount =txcount+1 where channel_genesis_hash='aa232e91fac595d553e0e8c10a58dff82438f553fd27a068ddf44bc0277fd0ef' and name='bkeca'
[2019-12-13 14:19:16.179] [DEBUG] PgService - --------------------------UPDATE----------------------------
[2019-12-13 14:19:16.179] [DEBUG] PgService -  update result : Result {
  command: 'UPDATE',
  rowCount: 2,
  oid: null,
  rows: [],
  fields: [],
  _parsers: [],
  _types:
   TypeOverrides {
     _types:
      { getTypeParser: [Function: getTypeParser],
        setTypeParser: [Function: setTypeParser],
        arrayParser: [Object],
        builtins: [Object] },
     text: {},
     binary: {} },
  RowCtor: null,
  rowAsArray: false }
[2019-12-13 14:19:16.181] [DEBUG] PgService - -----------------------------------------------------------------


[2019-12-13 14:19:16.181] [DEBUG] PgService - update sql is :  update channel set trans =trans+1 where channel_genesis_hash='aa232e91fac595d553e0e8c10a58dff82438f553fd27a068ddf44bc0277fd0ef'
[2019-12-13 14:19:16.187] [DEBUG] PgService - --------------------------UPDATE----------------------------
[2019-12-13 14:19:16.187] [DEBUG] PgService -  update result : Result {
  command: 'UPDATE',
  rowCount: 1,
  oid: null,
  rows: [],
  fields: [],
  _parsers: [],
  _types:
   TypeOverrides {
     _types:
      { getTypeParser: [Function: getTypeParser],
        setTypeParser: [Function: setTypeParser],
        arrayParser: [Object],
        builtins: [Object] },
     text: {},
     binary: {} },
  RowCtor: null,
  rowAsArray: false }
[2019-12-13 14:19:16.187] [DEBUG] PgService - -----------------------------------------------------------------


[2019-12-13 14:19:16.221] [DEBUG] PgService -  the getRowByPkOne sql select count(1) as c from blocks where blocknum='15' and txcount='1'
        and channel_genesis_hash='aa232e91fac595d553e0e8c10a58dff82438f553fd27a068ddf44bc0277fd0ef' and prehash='b1e22c34bfe9ac028acdb865a7d947dd0fe0a704d4c849a38a106157e67511e6' and datahash='c298562a75db53590277a244cc36bac6c1ed5a33e998fdf64a20bc0d1964e4ea' 
[2019-12-13 14:19:16.222] [DEBUG] PgService - Insert sql is INSERT INTO blocks  ( "blocknum","datahash","prehash","txcount","createdt","prev_blockhash","blockhash","channel_genesis_hash","blksize" ) VALUES( $1,$2,$3,$4,$5,$6,$7,$8,$9  ) RETURNING *;
[2019-12-13 14:19:16.237] [DEBUG] PgService - --------------------------INSERT----------------------------
[2019-12-13 14:19:16.237] [DEBUG] PgService - -----------------------------------------------------------------


[2019-12-13 14:19:16.237] [DEBUG] PgService - update sql is :  update channel set blocks =blocks+1 where channel_genesis_hash='aa232e91fac595d553e0e8c10a58dff82438f553fd27a068ddf44bc0277fd0ef'
[2019-12-13 14:19:16.246] [DEBUG] PgService - --------------------------UPDATE----------------------------
[2019-12-13 14:19:16.246] [DEBUG] PgService -  update result : Result {
  command: 'UPDATE',
  rowCount: 1,
  oid: null,
  rows: [],
  fields: [],
  _parsers: [],
  _types:
   TypeOverrides {
     _types:
      { getTypeParser: [Function: getTypeParser],
        setTypeParser: [Function: setTypeParser],
        arrayParser: [Object],
        builtins: [Object] },
     text: {},
     binary: {} },
  RowCtor: null,
  rowAsArray: false }
[2019-12-13 14:19:16.246] [DEBUG] PgService - -----------------------------------------------------------------


[2019-12-13 14:19:21.062] [DEBUG] PgService -  the getRowsBySQlQuery SELECT s.id AS missing_id
    FROM generate_series(0, 15) s(id) WHERE NOT EXISTS (SELECT 1 FROM blocks WHERE blocknum = s.id and channel_genesis_hash ='aa232e91fac595d553e0e8c10a58dff82438f553fd27a068ddf44bc0277fd0ef' )
[2019-12-13 14:19:21.086] [DEBUG] PgService -  the getRowByPkOne sql select count(1) as c from transactions where blockid='14' and txhash='239725d01bfb987a9cbfbd02ce1f95e51e032e92136889bbcf9bd1eda285a8ea' and channel_genesis_hash='aa232e91fac595d553e0e8c10a58dff82438f553fd27a068ddf44bc0277fd0ef'
[2019-12-13 14:19:21.086] [DEBUG] PgService - Insert sql is INSERT INTO transactions  ( "blockid","txhash","createdt","chaincodename","chaincode_id","status","creator_msp_id","endorser_msp_id","type","read_set","write_set","channel_genesis_hash","validation_code","envelope_signature","payload_extension","creator_nonce","chaincode_proposal_input","endorser_signature","creator_id_bytes","payload_proposal_hash","endorser_id_bytes" ) VALUES( $1,$2,$3,$4,$5,$6,$7,$8,$9,$10,$11,$12,$13,$14,$15,$16,$17,$18,$19,$20,$21  ) RETURNING *;
[2019-12-13 14:19:21.096] [DEBUG] PgService - --------------------------INSERT----------------------------
[2019-12-13 14:19:21.096] [DEBUG] PgService - -----------------------------------------------------------------


[2019-12-13 14:19:21.096] [DEBUG] PgService - update sql is :  update chaincodes set txcount =txcount+1 where channel_genesis_hash='aa232e91fac595d553e0e8c10a58dff82438f553fd27a068ddf44bc0277fd0ef' and name='bkeca'
[2019-12-13 14:19:21.104] [DEBUG] PgService - --------------------------UPDATE----------------------------
[2019-12-13 14:19:21.104] [DEBUG] PgService -  update result : Result {
  command: 'UPDATE',
  rowCount: 2,
  oid: null,
  rows: [],
  fields: [],
  _parsers: [],
  _types:
   TypeOverrides {
     _types:
      { getTypeParser: [Function: getTypeParser],
        setTypeParser: [Function: setTypeParser],
        arrayParser: [Object],
        builtins: [Object] },
     text: {},
     binary: {} },
  RowCtor: null,
  rowAsArray: false }
[2019-12-13 14:19:21.104] [DEBUG] PgService - -----------------------------------------------------------------


[2019-12-13 14:19:21.104] [DEBUG] PgService - update sql is :  update channel set trans =trans+1 where channel_genesis_hash='aa232e91fac595d553e0e8c10a58dff82438f553fd27a068ddf44bc0277fd0ef'
[2019-12-13 14:19:21.112] [DEBUG] PgService - --------------------------UPDATE----------------------------
[2019-12-13 14:19:21.113] [DEBUG] PgService -  update result : Result {
  command: 'UPDATE',
  rowCount: 1,
  oid: null,
  rows: [],
  fields: [],
  _parsers: [],
  _types:
   TypeOverrides {
     _types:
      { getTypeParser: [Function: getTypeParser],
        setTypeParser: [Function: setTypeParser],
        arrayParser: [Object],
        builtins: [Object] },
     text: {},
     binary: {} },
  RowCtor: null,
  rowAsArray: false }
[2019-12-13 14:19:21.113] [DEBUG] PgService - -----------------------------------------------------------------


[2019-12-13 14:19:21.114] [DEBUG] PgService -  the getRowByPkOne sql select count(1) as c from blocks where blocknum='14' and txcount='1'
        and channel_genesis_hash='aa232e91fac595d553e0e8c10a58dff82438f553fd27a068ddf44bc0277fd0ef' and prehash='46c8d9c96c6c4dc0529557b8755335d0567da0b6a445c5d6c5b9b7e76a97eb63' and datahash='355ce9981b8bbc45f17b8ac20a2f5a0ac3fde16461219920cc3a200923e9e41a' 
[2019-12-13 14:19:21.114] [DEBUG] PgService - Insert sql is INSERT INTO blocks  ( "blocknum","datahash","prehash","txcount","createdt","prev_blockhash","blockhash","channel_genesis_hash","blksize" ) VALUES( $1,$2,$3,$4,$5,$6,$7,$8,$9  ) RETURNING *;
[2019-12-13 14:19:21.121] [DEBUG] PgService - --------------------------INSERT----------------------------
[2019-12-13 14:19:21.121] [DEBUG] PgService - -----------------------------------------------------------------


[2019-12-13 14:19:21.121] [DEBUG] PgService - update sql is :  update channel set blocks =blocks+1 where channel_genesis_hash='aa232e91fac595d553e0e8c10a58dff82438f553fd27a068ddf44bc0277fd0ef'
[2019-12-13 14:19:21.129] [DEBUG] PgService - --------------------------UPDATE----------------------------
[2019-12-13 14:19:21.129] [DEBUG] PgService -  update result : Result {
  command: 'UPDATE',
  rowCount: 1,
  oid: null,
  rows: [],
  fields: [],
  _parsers: [],
  _types:
   TypeOverrides {
     _types:
      { getTypeParser: [Function: getTypeParser],
        setTypeParser: [Function: setTypeParser],
        arrayParser: [Object],
        builtins: [Object] },
     text: {},
     binary: {} },
  RowCtor: null,
  rowAsArray: false }
[2019-12-13 14:19:21.129] [DEBUG] PgService - -----------------------------------------------------------------


[2019-12-13 14:19:46.005] [DEBUG] PgService -  the getRowsBySQlCase  select * from channel where name='dut-channel' and channel_genesis_hash='aa232e91fac595d553e0e8c10a58dff82438f553fd27a068ddf44bc0277fd0ef' 
[2019-12-13 14:19:46.026] [DEBUG] PgService -  the getRowByPkOne sql select count(1) as c from peer where channel_genesis_hash='aa232e91fac595d553e0e8c10a58dff82438f553fd27a068ddf44bc0277fd0ef' and server_hostname='peer0.udn.bkeca.com' 
[2019-12-13 14:19:46.026] [DEBUG] PgService -  the getRowByPkOne sql select count(1) as c from peer_ref_channel prc where prc.peerid = 'peer0.udn.bkeca.com' and prc.channelid='aa232e91fac595d553e0e8c10a58dff82438f553fd27a068ddf44bc0277fd0ef' 
[2019-12-13 14:19:46.027] [DEBUG] PgService -  the getRowByPkOne sql select count(1) as c from peer where channel_genesis_hash='aa232e91fac595d553e0e8c10a58dff82438f553fd27a068ddf44bc0277fd0ef' and server_hostname='peer1.udn.bkeca.com' 
[2019-12-13 14:19:46.027] [DEBUG] PgService -  the getRowByPkOne sql select count(1) as c from peer_ref_channel prc where prc.peerid = 'peer1.udn.bkeca.com' and prc.channelid='aa232e91fac595d553e0e8c10a58dff82438f553fd27a068ddf44bc0277fd0ef' 
[2019-12-13 14:19:46.027] [DEBUG] PgService -  the getRowByPkOne sql select count(1) as c from peer where channel_genesis_hash='aa232e91fac595d553e0e8c10a58dff82438f553fd27a068ddf44bc0277fd0ef' and server_hostname='peer1.dut.bkeca.com' 
[2019-12-13 14:19:46.028] [DEBUG] PgService -  the getRowByPkOne sql select count(1) as c from peer_ref_channel prc where prc.peerid = 'peer1.dut.bkeca.com' and prc.channelid='aa232e91fac595d553e0e8c10a58dff82438f553fd27a068ddf44bc0277fd0ef' 
[2019-12-13 14:19:46.028] [DEBUG] PgService -  the getRowByPkOne sql select count(1) as c from peer where channel_genesis_hash='aa232e91fac595d553e0e8c10a58dff82438f553fd27a068ddf44bc0277fd0ef' and server_hostname='peer0.dut.bkeca.com' 
[2019-12-13 14:19:46.028] [DEBUG] PgService -  the getRowByPkOne sql select count(1) as c from peer_ref_channel prc where prc.peerid = 'peer0.dut.bkeca.com' and prc.channelid='aa232e91fac595d553e0e8c10a58dff82438f553fd27a068ddf44bc0277fd0ef' 
[2019-12-13 14:19:46.029] [DEBUG] PgService -  the getRowByPkOne sql select count(1) as c from peer where channel_genesis_hash='aa232e91fac595d553e0e8c10a58dff82438f553fd27a068ddf44bc0277fd0ef' and server_hostname='orderer.bkeca.com' 
[2019-12-13 14:19:46.029] [DEBUG] PgService -  the getRowByPkOne sql select count(1) as c from peer_ref_channel prc where prc.peerid = 'orderer.bkeca.com' and prc.channelid='aa232e91fac595d553e0e8c10a58dff82438f553fd27a068ddf44bc0277fd0ef' 
[2019-12-13 14:19:46.037] [DEBUG] PgService -  the getRowByPkOne sql select count(1) as c from chaincodes where name='bkeca' and
        channel_genesis_hash='aa232e91fac595d553e0e8c10a58dff82438f553fd27a068ddf44bc0277fd0ef' and version='2.0' and path='github.com/chaincode/bkeca/'
[2019-12-13 14:19:46.037] [DEBUG] PgService -  the getRowByPkOne sql select count(1) as c from peer_ref_chaincode prc where prc.peerid= 'peer0.udn.bkeca.com' and prc.chaincodeid='bkeca' and cc_version='2.0' and channelid='aa232e91fac595d553e0e8c10a58dff82438f553fd27a068ddf44bc0277fd0ef'
[2019-12-13 14:19:46.038] [DEBUG] PgService -  the getRowByPkOne sql select count(1) as c from peer_ref_chaincode prc where prc.peerid= 'peer0.dut.bkeca.com' and prc.chaincodeid='bkeca' and cc_version='2.0' and channelid='aa232e91fac595d553e0e8c10a58dff82438f553fd27a068ddf44bc0277fd0ef'
[2019-12-13 14:20:08.351] [DEBUG] PgService -  the getRowsBySQlQuery select a.* from  (
      select (select c.name from channel c where c.channel_genesis_hash =
         'aa232e91fac595d553e0e8c10a58dff82438f553fd27a068ddf44bc0277fd0ef' ) as channelname, blocks.blocknum,blocks.txcount ,blocks.datahash ,blocks.blockhash ,blocks.prehash,blocks.createdt, blocks.blksize, (
        SELECT  array_agg(txhash) as txhash FROM transactions where blockid = blocks.blocknum  and
         channel_genesis_hash = 'aa232e91fac595d553e0e8c10a58dff82438f553fd27a068ddf44bc0277fd0ef' and createdt between '2019-12-12T07:20:08.290Z' and '2019-12-13T07:20:08.290Z') from blocks where
         blocks.channel_genesis_hash ='aa232e91fac595d553e0e8c10a58dff82438f553fd27a068ddf44bc0277fd0ef' and blocknum >= 0 and blocks.createdt between '2019-12-12T07:20:08.290Z' and '2019-12-13T07:20:08.290Z'
         order by blocks.blocknum desc)  a where  a.txhash IS NOT NULL
[2019-12-13 14:20:08.380] [DEBUG] PgService -  the getRowsBySQlQuery  with hours as (
            select generate_series(
              date_trunc('hour', now()) - '1day'::interval,
              date_trunc('hour', now()),
              '1 hour'::interval
            ) as datetime
          )
          select
            hours.datetime,
            count(createdt)
          from hours
          left join BLOCKS on date_trunc('hour', BLOCKS.createdt) = hours.datetime and channel_genesis_hash ='aa232e91fac595d553e0e8c10a58dff82438f553fd27a068ddf44bc0277fd0ef'
          group by 1
          order by 1 
[2019-12-13 14:20:08.385] [DEBUG] PgService -  the getRowsBySQlQuery  with minutes as (
            select generate_series(
              date_trunc('min', now()) - '1 hour'::interval,
              date_trunc('min', now()),
              '1 min'::interval
            ) as datetime
          )
          select
            minutes.datetime,
            count(createdt)
          from minutes
          left join BLOCKS on date_trunc('min', BLOCKS.createdt) = minutes.datetime and channel_genesis_hash ='aa232e91fac595d553e0e8c10a58dff82438f553fd27a068ddf44bc0277fd0ef'
          group by 1
          order by 1  
[2019-12-13 14:20:08.386] [DEBUG] PgService -  the getRowsBySQlNoCondition select  c.name as chaincodename,channel.name as channelname ,c.version as version,c.channel_genesis_hash
       as channel_genesis_hash,c.path as path ,txcount  as c from chaincodes as c inner join channel on c.channel_genesis_hash=channel.channel_genesis_hash where  c.channel_genesis_hash='aa232e91fac595d553e0e8c10a58dff82438f553fd27a068ddf44bc0277fd0ef' 
[2019-12-13 14:20:08.406] [DEBUG] PgService -  the getRowsBySQlNoCondition  select c.id as id,c.name as channelName,c.blocks as blocks ,c.channel_genesis_hash as channel_genesis_hash,c.trans as transactions,c.createdt as createdat,c.channel_hash as channel_hash from channel c,
        peer_ref_channel pc where c.channel_genesis_hash = pc.channelid and pc.peerid='peer0.udn.bkeca.com' group by c.id ,c.name ,c.blocks  ,c.trans ,c.createdt ,c.channel_hash,c.channel_genesis_hash order by c.name 
[2019-12-13 14:20:08.407] [DEBUG] PgService -  the getRowsBySQlNoCondition  select c.id as id,c.name as channelName,c.blocks as blocks ,c.channel_genesis_hash as channel_genesis_hash,c.trans as transactions,c.createdt as createdat,c.channel_hash as channel_hash from channel c,
        peer_ref_channel pc where c.channel_genesis_hash = pc.channelid and pc.peerid='peer0.udn.bkeca.com' group by c.id ,c.name ,c.blocks  ,c.trans ,c.createdt ,c.channel_hash,c.channel_genesis_hash order by c.name 
[2019-12-13 14:20:08.409] [DEBUG] PgService -  the getRowsBySQlCase select count(1) c from chaincodes where channel_genesis_hash='aa232e91fac595d553e0e8c10a58dff82438f553fd27a068ddf44bc0277fd0ef' 
[2019-12-13 14:20:08.412] [DEBUG] PgService -  the getRowsBySQlNoCondition select channel.name as channelName,c.requests as requests,c.channel_genesis_hash as channel_genesis_hash ,
    c.server_hostname as server_hostname, c.mspid as mspid, c.peer_type as peer_type  from peer as c inner join  channel on
    c.channel_genesis_hash=channel.channel_genesis_hash where c.channel_genesis_hash='aa232e91fac595d553e0e8c10a58dff82438f553fd27a068ddf44bc0277fd0ef'
[2019-12-13 14:20:08.427] [DEBUG] PgService -  the getRowsBySQlQuery select blocks.blocknum,blocks.txcount ,blocks.datahash ,blocks.blockhash ,blocks.prehash,blocks.createdt, (
      SELECT  array_agg(txhash) as txhash FROM transactions where blockid = blocks.blocknum and
       channel_genesis_hash = 'aa232e91fac595d553e0e8c10a58dff82438f553fd27a068ddf44bc0277fd0ef' group by transactions.blockid ),
      channel.name as channelname  from blocks inner join channel on blocks.channel_genesis_hash = channel.channel_genesis_hash  where
       blocks.channel_genesis_hash ='aa232e91fac595d553e0e8c10a58dff82438f553fd27a068ddf44bc0277fd0ef' and blocknum >= 0
       order by blocks.blocknum desc limit 3
[2019-12-13 14:20:08.451] [DEBUG] PgService -  the getRowsBySQlCase select count(1) c from transactions where channel_genesis_hash='aa232e91fac595d553e0e8c10a58dff82438f553fd27a068ddf44bc0277fd0ef'
[2019-12-13 14:20:08.451] [DEBUG] PgService -  the getRowsBySQlQuery  select count(creator_msp_id), creator_msp_id
      from transactions
      where channel_genesis_hash ='aa232e91fac595d553e0e8c10a58dff82438f553fd27a068ddf44bc0277fd0ef'
      group by  creator_msp_id
[2019-12-13 14:20:08.452] [DEBUG] PgService -  the getRowsBySQlQuery  select t.creator_msp_id,t.txhash,t.type,t.chaincodename,t.createdt,channel.name as channelName from transactions as t
       inner join channel on t.channel_genesis_hash=channel.channel_genesis_hash where  t.blockid >= 0 and t.id >= 0  and
       t.channel_genesis_hash = 'aa232e91fac595d553e0e8c10a58dff82438f553fd27a068ddf44bc0277fd0ef'  and t.createdt between '2019-12-12T07:20:08.426Z' and '2019-12-13T07:20:08.426Z'  order by  t.id desc
[2019-12-13 14:20:08.454] [DEBUG] PgService -  the getRowsBySQlQuery  with hours as (
            select generate_series(
              date_trunc('hour', now()) - '1day'::interval,
              date_trunc('hour', now()),
              '1 hour'::interval
            ) as datetime
          )
          select
            hours.datetime,
            count(createdt)
          from hours
          left join TRANSACTIONS on date_trunc('hour', TRANSACTIONS.createdt) = hours.datetime and channel_genesis_hash ='aa232e91fac595d553e0e8c10a58dff82438f553fd27a068ddf44bc0277fd0ef'
          group by 1
          order by 1 
[2019-12-13 14:20:08.455] [DEBUG] PgService -  the getRowsBySQlCase select count(1) c from blocks where channel_genesis_hash='aa232e91fac595d553e0e8c10a58dff82438f553fd27a068ddf44bc0277fd0ef'
[2019-12-13 14:20:08.456] [DEBUG] PgService -  the getRowsBySQlNoCondition select distinct on (mspid) mspid from peer  where channel_genesis_hash='aa232e91fac595d553e0e8c10a58dff82438f553fd27a068ddf44bc0277fd0ef'
[2019-12-13 14:20:08.457] [DEBUG] PgService -  the getRowsBySQlCase select count(1) c from peer where channel_genesis_hash='aa232e91fac595d553e0e8c10a58dff82438f553fd27a068ddf44bc0277fd0ef' and peer_type='PEER' 
[2019-12-13 14:20:08.459] [DEBUG] PgService -  the getRowsBySQlQuery  with minutes as (
            select generate_series(
              date_trunc('min', now()) - '1hour'::interval,
              date_trunc('min', now()),
              '1 min'::interval
            ) as datetime
          )
          select
            minutes.datetime,
            count(createdt)
          from minutes
          left join TRANSACTIONS on date_trunc('min', TRANSACTIONS.createdt) = minutes.datetime and channel_genesis_hash ='aa232e91fac595d553e0e8c10a58dff82438f553fd27a068ddf44bc0277fd0ef'
          group by 1
          order by 1 
[2019-12-13 14:20:08.460] [DEBUG] PgService -  the getRowsBySQlNoCondition select channel.name as channelName,c.requests as requests,c.channel_genesis_hash as channel_genesis_hash ,
    c.server_hostname as server_hostname, c.mspid as mspid, c.peer_type as peer_type  from peer as c inner join  channel on
    c.channel_genesis_hash=channel.channel_genesis_hash where c.channel_genesis_hash='aa232e91fac595d553e0e8c10a58dff82438f553fd27a068ddf44bc0277fd0ef'
[2019-12-13 14:20:16.007] [DEBUG] PgService -  the getRowsBySQlCase  select * from channel where name='dut-channel' and channel_genesis_hash='aa232e91fac595d553e0e8c10a58dff82438f553fd27a068ddf44bc0277fd0ef' 
[2019-12-13 14:20:16.011] [DEBUG] PgService -  the getRowsBySQlQuery SELECT s.id AS missing_id
    FROM generate_series(0, 15) s(id) WHERE NOT EXISTS (SELECT 1 FROM blocks WHERE blocknum = s.id and channel_genesis_hash ='aa232e91fac595d553e0e8c10a58dff82438f553fd27a068ddf44bc0277fd0ef' )
[2019-12-13 14:20:16.030] [DEBUG] PgService -  the getRowByPkOne sql select count(1) as c from peer where channel_genesis_hash='aa232e91fac595d553e0e8c10a58dff82438f553fd27a068ddf44bc0277fd0ef' and server_hostname='peer0.dut.bkeca.com' 
[2019-12-13 14:20:16.031] [DEBUG] PgService -  the getRowByPkOne sql select count(1) as c from peer_ref_channel prc where prc.peerid = 'peer0.dut.bkeca.com' and prc.channelid='aa232e91fac595d553e0e8c10a58dff82438f553fd27a068ddf44bc0277fd0ef' 
[2019-12-13 14:20:16.031] [DEBUG] PgService -  the getRowByPkOne sql select count(1) as c from peer where channel_genesis_hash='aa232e91fac595d553e0e8c10a58dff82438f553fd27a068ddf44bc0277fd0ef' and server_hostname='peer1.dut.bkeca.com' 
[2019-12-13 14:20:16.031] [DEBUG] PgService -  the getRowByPkOne sql select count(1) as c from peer_ref_channel prc where prc.peerid = 'peer1.dut.bkeca.com' and prc.channelid='aa232e91fac595d553e0e8c10a58dff82438f553fd27a068ddf44bc0277fd0ef' 
[2019-12-13 14:20:16.032] [DEBUG] PgService -  the getRowByPkOne sql select count(1) as c from peer where channel_genesis_hash='aa232e91fac595d553e0e8c10a58dff82438f553fd27a068ddf44bc0277fd0ef' and server_hostname='peer0.udn.bkeca.com' 
[2019-12-13 14:20:16.032] [DEBUG] PgService -  the getRowByPkOne sql select count(1) as c from peer_ref_channel prc where prc.peerid = 'peer0.udn.bkeca.com' and prc.channelid='aa232e91fac595d553e0e8c10a58dff82438f553fd27a068ddf44bc0277fd0ef' 
[2019-12-13 14:20:16.032] [DEBUG] PgService -  the getRowByPkOne sql select count(1) as c from peer where channel_genesis_hash='aa232e91fac595d553e0e8c10a58dff82438f553fd27a068ddf44bc0277fd0ef' and server_hostname='peer1.udn.bkeca.com' 
[2019-12-13 14:20:16.033] [DEBUG] PgService -  the getRowByPkOne sql select count(1) as c from peer_ref_channel prc where prc.peerid = 'peer1.udn.bkeca.com' and prc.channelid='aa232e91fac595d553e0e8c10a58dff82438f553fd27a068ddf44bc0277fd0ef' 
[2019-12-13 14:20:16.033] [DEBUG] PgService -  the getRowByPkOne sql select count(1) as c from peer where channel_genesis_hash='aa232e91fac595d553e0e8c10a58dff82438f553fd27a068ddf44bc0277fd0ef' and server_hostname='orderer.bkeca.com' 
[2019-12-13 14:20:16.033] [DEBUG] PgService -  the getRowByPkOne sql select count(1) as c from peer_ref_channel prc where prc.peerid = 'orderer.bkeca.com' and prc.channelid='aa232e91fac595d553e0e8c10a58dff82438f553fd27a068ddf44bc0277fd0ef' 
[2019-12-13 14:20:16.043] [DEBUG] PgService -  the getRowByPkOne sql select count(1) as c from chaincodes where name='bkeca' and
        channel_genesis_hash='aa232e91fac595d553e0e8c10a58dff82438f553fd27a068ddf44bc0277fd0ef' and version='2.0' and path='github.com/chaincode/bkeca/'
[2019-12-13 14:20:16.044] [DEBUG] PgService -  the getRowByPkOne sql select count(1) as c from peer_ref_chaincode prc where prc.peerid= 'peer0.dut.bkeca.com' and prc.chaincodeid='bkeca' and cc_version='2.0' and channelid='aa232e91fac595d553e0e8c10a58dff82438f553fd27a068ddf44bc0277fd0ef'
[2019-12-13 14:20:16.044] [DEBUG] PgService -  the getRowByPkOne sql select count(1) as c from peer_ref_chaincode prc where prc.peerid= 'peer0.udn.bkeca.com' and prc.chaincodeid='bkeca' and cc_version='2.0' and channelid='aa232e91fac595d553e0e8c10a58dff82438f553fd27a068ddf44bc0277fd0ef'
[2019-12-13 14:20:30.361] [DEBUG] PgService -  the getRowsBySQlQuery select a.* from  (
      select (select c.name from channel c where c.channel_genesis_hash =
         'aa232e91fac595d553e0e8c10a58dff82438f553fd27a068ddf44bc0277fd0ef' ) as channelname, blocks.blocknum,blocks.txcount ,blocks.datahash ,blocks.blockhash ,blocks.prehash,blocks.createdt, blocks.blksize, (
        SELECT  array_agg(txhash) as txhash FROM transactions where blockid = blocks.blocknum  and
         channel_genesis_hash = 'aa232e91fac595d553e0e8c10a58dff82438f553fd27a068ddf44bc0277fd0ef' and createdt between '2019-12-12T14:20:29.000Z' and '2019-12-13T14:20:29.000Z') from blocks where
         blocks.channel_genesis_hash ='aa232e91fac595d553e0e8c10a58dff82438f553fd27a068ddf44bc0277fd0ef' and blocknum >= 0 and blocks.createdt between '2019-12-12T14:20:29.000Z' and '2019-12-13T14:20:29.000Z'
         order by blocks.blocknum desc)  a where  a.txhash IS NOT NULL
[2019-12-13 14:20:35.799] [DEBUG] PgService -  the getRowsBySQlQuery select a.* from  (
      select (select c.name from channel c where c.channel_genesis_hash =
         'aa232e91fac595d553e0e8c10a58dff82438f553fd27a068ddf44bc0277fd0ef' ) as channelname, blocks.blocknum,blocks.txcount ,blocks.datahash ,blocks.blockhash ,blocks.prehash,blocks.createdt, blocks.blksize, (
        SELECT  array_agg(txhash) as txhash FROM transactions where blockid = blocks.blocknum  and
         channel_genesis_hash = 'aa232e91fac595d553e0e8c10a58dff82438f553fd27a068ddf44bc0277fd0ef' and createdt between '2019-12-01T14:20:29.000Z' and '2019-12-13T14:20:29.000Z') from blocks where
         blocks.channel_genesis_hash ='aa232e91fac595d553e0e8c10a58dff82438f553fd27a068ddf44bc0277fd0ef' and blocknum >= 0 and blocks.createdt between '2019-12-01T14:20:29.000Z' and '2019-12-13T14:20:29.000Z'
         order by blocks.blocknum desc)  a where  a.txhash IS NOT NULL
[2019-12-13 14:20:46.004] [DEBUG] PgService -  the getRowsBySQlCase  select * from channel where name='dut-channel' and channel_genesis_hash='aa232e91fac595d553e0e8c10a58dff82438f553fd27a068ddf44bc0277fd0ef' 
[2019-12-13 14:20:46.027] [DEBUG] PgService -  the getRowByPkOne sql select count(1) as c from peer where channel_genesis_hash='aa232e91fac595d553e0e8c10a58dff82438f553fd27a068ddf44bc0277fd0ef' and server_hostname='peer1.dut.bkeca.com' 
[2019-12-13 14:20:46.027] [DEBUG] PgService -  the getRowByPkOne sql select count(1) as c from peer_ref_channel prc where prc.peerid = 'peer1.dut.bkeca.com' and prc.channelid='aa232e91fac595d553e0e8c10a58dff82438f553fd27a068ddf44bc0277fd0ef' 
[2019-12-13 14:20:46.028] [DEBUG] PgService -  the getRowByPkOne sql select count(1) as c from peer where channel_genesis_hash='aa232e91fac595d553e0e8c10a58dff82438f553fd27a068ddf44bc0277fd0ef' and server_hostname='peer0.dut.bkeca.com' 
[2019-12-13 14:20:46.028] [DEBUG] PgService -  the getRowByPkOne sql select count(1) as c from peer_ref_channel prc where prc.peerid = 'peer0.dut.bkeca.com' and prc.channelid='aa232e91fac595d553e0e8c10a58dff82438f553fd27a068ddf44bc0277fd0ef' 
[2019-12-13 14:20:46.028] [DEBUG] PgService -  the getRowByPkOne sql select count(1) as c from peer where channel_genesis_hash='aa232e91fac595d553e0e8c10a58dff82438f553fd27a068ddf44bc0277fd0ef' and server_hostname='peer1.udn.bkeca.com' 
[2019-12-13 14:20:46.029] [DEBUG] PgService -  the getRowByPkOne sql select count(1) as c from peer_ref_channel prc where prc.peerid = 'peer1.udn.bkeca.com' and prc.channelid='aa232e91fac595d553e0e8c10a58dff82438f553fd27a068ddf44bc0277fd0ef' 
[2019-12-13 14:20:46.029] [DEBUG] PgService -  the getRowByPkOne sql select count(1) as c from peer where channel_genesis_hash='aa232e91fac595d553e0e8c10a58dff82438f553fd27a068ddf44bc0277fd0ef' and server_hostname='peer0.udn.bkeca.com' 
[2019-12-13 14:20:46.029] [DEBUG] PgService -  the getRowByPkOne sql select count(1) as c from peer_ref_channel prc where prc.peerid = 'peer0.udn.bkeca.com' and prc.channelid='aa232e91fac595d553e0e8c10a58dff82438f553fd27a068ddf44bc0277fd0ef' 
[2019-12-13 14:20:46.030] [DEBUG] PgService -  the getRowByPkOne sql select count(1) as c from peer where channel_genesis_hash='aa232e91fac595d553e0e8c10a58dff82438f553fd27a068ddf44bc0277fd0ef' and server_hostname='orderer.bkeca.com' 
[2019-12-13 14:20:46.030] [DEBUG] PgService -  the getRowByPkOne sql select count(1) as c from peer_ref_channel prc where prc.peerid = 'orderer.bkeca.com' and prc.channelid='aa232e91fac595d553e0e8c10a58dff82438f553fd27a068ddf44bc0277fd0ef' 
[2019-12-13 14:20:46.038] [DEBUG] PgService -  the getRowByPkOne sql select count(1) as c from chaincodes where name='bkeca' and
        channel_genesis_hash='aa232e91fac595d553e0e8c10a58dff82438f553fd27a068ddf44bc0277fd0ef' and version='2.0' and path='github.com/chaincode/bkeca/'
[2019-12-13 14:20:46.038] [DEBUG] PgService -  the getRowByPkOne sql select count(1) as c from peer_ref_chaincode prc where prc.peerid= 'peer0.dut.bkeca.com' and prc.chaincodeid='bkeca' and cc_version='2.0' and channelid='aa232e91fac595d553e0e8c10a58dff82438f553fd27a068ddf44bc0277fd0ef'
[2019-12-13 14:20:46.038] [DEBUG] PgService -  the getRowByPkOne sql select count(1) as c from peer_ref_chaincode prc where prc.peerid= 'peer0.udn.bkeca.com' and prc.chaincodeid='bkeca' and cc_version='2.0' and channelid='aa232e91fac595d553e0e8c10a58dff82438f553fd27a068ddf44bc0277fd0ef'
[2019-12-13 14:20:56.521] [DEBUG] PgService -  the getRowsBySQlQuery  select t.creator_msp_id,t.txhash,t.type,t.chaincodename,t.createdt,channel.name as channelName from transactions as t
       inner join channel on t.channel_genesis_hash=channel.channel_genesis_hash where  t.blockid >= 0 and t.id >= 0  and
       t.channel_genesis_hash = 'aa232e91fac595d553e0e8c10a58dff82438f553fd27a068ddf44bc0277fd0ef'  and t.createdt between '2019-10-27T14:20:46.000Z' and '2019-12-13T14:20:46.000Z'  order by  t.id desc
[2019-12-13 14:21:06.286] [DEBUG] PgService -  the getRowByPkOne sql  select t.txhash,t.validation_code,t.payload_proposal_hash,t.creator_msp_id,t.endorser_msp_id,t.chaincodename,t.type,t.createdt,t.read_set,
        t.write_set,channel.name as channelName from TRANSACTIONS as t inner join channel on t.channel_genesis_hash=channel.channel_genesis_hash where t.txhash = '239725d01bfb987a9cbfbd02ce1f95e51e032e92136889bbcf9bd1eda285a8ea' 
[2019-12-13 14:21:08.652] [DEBUG] PgService -  the getRowsBySQlQuery  with hours as (
            select generate_series(
              date_trunc('hour', now()) - '1day'::interval,
              date_trunc('hour', now()),
              '1 hour'::interval
            ) as datetime
          )
          select
            hours.datetime,
            count(createdt)
          from hours
          left join BLOCKS on date_trunc('hour', BLOCKS.createdt) = hours.datetime and channel_genesis_hash ='aa232e91fac595d553e0e8c10a58dff82438f553fd27a068ddf44bc0277fd0ef'
          group by 1
          order by 1 
[2019-12-13 14:21:08.653] [DEBUG] PgService -  the getRowsBySQlNoCondition  select c.id as id,c.name as channelName,c.blocks as blocks ,c.channel_genesis_hash as channel_genesis_hash,c.trans as transactions,c.createdt as createdat,c.channel_hash as channel_hash from channel c,
        peer_ref_channel pc where c.channel_genesis_hash = pc.channelid and pc.peerid='peer0.udn.bkeca.com' group by c.id ,c.name ,c.blocks  ,c.trans ,c.createdt ,c.channel_hash,c.channel_genesis_hash order by c.name 
[2019-12-13 14:21:08.656] [DEBUG] PgService -  the getRowsBySQlCase select count(1) c from chaincodes where channel_genesis_hash='aa232e91fac595d553e0e8c10a58dff82438f553fd27a068ddf44bc0277fd0ef' 
[2019-12-13 14:21:08.657] [DEBUG] PgService -  the getRowsBySQlNoCondition select channel.name as channelName,c.requests as requests,c.channel_genesis_hash as channel_genesis_hash ,
    c.server_hostname as server_hostname, c.mspid as mspid, c.peer_type as peer_type  from peer as c inner join  channel on
    c.channel_genesis_hash=channel.channel_genesis_hash where c.channel_genesis_hash='aa232e91fac595d553e0e8c10a58dff82438f553fd27a068ddf44bc0277fd0ef'
[2019-12-13 14:21:08.663] [DEBUG] PgService -  the getRowsBySQlCase select count(1) c from transactions where channel_genesis_hash='aa232e91fac595d553e0e8c10a58dff82438f553fd27a068ddf44bc0277fd0ef'
[2019-12-13 14:21:08.665] [DEBUG] PgService -  the getRowsBySQlQuery  with hours as (
            select generate_series(
              date_trunc('hour', now()) - '1day'::interval,
              date_trunc('hour', now()),
              '1 hour'::interval
            ) as datetime
          )
          select
            hours.datetime,
            count(createdt)
          from hours
          left join TRANSACTIONS on date_trunc('hour', TRANSACTIONS.createdt) = hours.datetime and channel_genesis_hash ='aa232e91fac595d553e0e8c10a58dff82438f553fd27a068ddf44bc0277fd0ef'
          group by 1
          order by 1 
[2019-12-13 14:21:08.672] [DEBUG] PgService -  the getRowsBySQlCase select count(1) c from blocks where channel_genesis_hash='aa232e91fac595d553e0e8c10a58dff82438f553fd27a068ddf44bc0277fd0ef'
[2019-12-13 14:21:08.674] [DEBUG] PgService -  the getRowsBySQlQuery select a.* from  (
      select (select c.name from channel c where c.channel_genesis_hash =
         'aa232e91fac595d553e0e8c10a58dff82438f553fd27a068ddf44bc0277fd0ef' ) as channelname, blocks.blocknum,blocks.txcount ,blocks.datahash ,blocks.blockhash ,blocks.prehash,blocks.createdt, blocks.blksize, (
        SELECT  array_agg(txhash) as txhash FROM transactions where blockid = blocks.blocknum  and
         channel_genesis_hash = 'aa232e91fac595d553e0e8c10a58dff82438f553fd27a068ddf44bc0277fd0ef' and createdt between '2019-12-12T07:21:08.665Z' and '2019-12-13T07:21:08.665Z') from blocks where
         blocks.channel_genesis_hash ='aa232e91fac595d553e0e8c10a58dff82438f553fd27a068ddf44bc0277fd0ef' and blocknum >= 0 and blocks.createdt between '2019-12-12T07:21:08.665Z' and '2019-12-13T07:21:08.665Z'
         order by blocks.blocknum desc)  a where  a.txhash IS NOT NULL
[2019-12-13 14:21:08.674] [DEBUG] PgService -  the getRowsBySQlCase select count(1) c from peer where channel_genesis_hash='aa232e91fac595d553e0e8c10a58dff82438f553fd27a068ddf44bc0277fd0ef' and peer_type='PEER' 
[2019-12-13 14:21:08.682] [DEBUG] PgService -  the getRowsBySQlQuery  with minutes as (
            select generate_series(
              date_trunc('min', now()) - '1 hour'::interval,
              date_trunc('min', now()),
              '1 min'::interval
            ) as datetime
          )
          select
            minutes.datetime,
            count(createdt)
          from minutes
          left join BLOCKS on date_trunc('min', BLOCKS.createdt) = minutes.datetime and channel_genesis_hash ='aa232e91fac595d553e0e8c10a58dff82438f553fd27a068ddf44bc0277fd0ef'
          group by 1
          order by 1  
[2019-12-13 14:21:08.685] [DEBUG] PgService -  the getRowsBySQlNoCondition select  c.name as chaincodename,channel.name as channelname ,c.version as version,c.channel_genesis_hash
       as channel_genesis_hash,c.path as path ,txcount  as c from chaincodes as c inner join channel on c.channel_genesis_hash=channel.channel_genesis_hash where  c.channel_genesis_hash='aa232e91fac595d553e0e8c10a58dff82438f553fd27a068ddf44bc0277fd0ef' 
[2019-12-13 14:21:08.687] [DEBUG] PgService -  the getRowsBySQlQuery  select t.creator_msp_id,t.txhash,t.type,t.chaincodename,t.createdt,channel.name as channelName from transactions as t
       inner join channel on t.channel_genesis_hash=channel.channel_genesis_hash where  t.blockid >= 0 and t.id >= 0  and
       t.channel_genesis_hash = 'aa232e91fac595d553e0e8c10a58dff82438f553fd27a068ddf44bc0277fd0ef'  and t.createdt between '2019-12-12T07:21:08.684Z' and '2019-12-13T07:21:08.684Z'  order by  t.id desc
[2019-12-13 14:21:08.695] [DEBUG] PgService -  the getRowsBySQlQuery  select count(creator_msp_id), creator_msp_id
      from transactions
      where channel_genesis_hash ='aa232e91fac595d553e0e8c10a58dff82438f553fd27a068ddf44bc0277fd0ef'
      group by  creator_msp_id
[2019-12-13 14:21:08.696] [DEBUG] PgService -  the getRowsBySQlNoCondition select channel.name as channelName,c.requests as requests,c.channel_genesis_hash as channel_genesis_hash ,
    c.server_hostname as server_hostname, c.mspid as mspid, c.peer_type as peer_type  from peer as c inner join  channel on
    c.channel_genesis_hash=channel.channel_genesis_hash where c.channel_genesis_hash='aa232e91fac595d553e0e8c10a58dff82438f553fd27a068ddf44bc0277fd0ef'
[2019-12-13 14:21:08.701] [DEBUG] PgService -  the getRowsBySQlNoCondition select distinct on (mspid) mspid from peer  where channel_genesis_hash='aa232e91fac595d553e0e8c10a58dff82438f553fd27a068ddf44bc0277fd0ef'
[2019-12-13 14:21:08.713] [DEBUG] PgService -  the getRowsBySQlQuery select blocks.blocknum,blocks.txcount ,blocks.datahash ,blocks.blockhash ,blocks.prehash,blocks.createdt, (
      SELECT  array_agg(txhash) as txhash FROM transactions where blockid = blocks.blocknum and
       channel_genesis_hash = 'aa232e91fac595d553e0e8c10a58dff82438f553fd27a068ddf44bc0277fd0ef' group by transactions.blockid ),
      channel.name as channelname  from blocks inner join channel on blocks.channel_genesis_hash = channel.channel_genesis_hash  where
       blocks.channel_genesis_hash ='aa232e91fac595d553e0e8c10a58dff82438f553fd27a068ddf44bc0277fd0ef' and blocknum >= 0
       order by blocks.blocknum desc limit 3
[2019-12-13 14:21:08.716] [DEBUG] PgService -  the getRowsBySQlQuery  with minutes as (
            select generate_series(
              date_trunc('min', now()) - '1hour'::interval,
              date_trunc('min', now()),
              '1 min'::interval
            ) as datetime
          )
          select
            minutes.datetime,
            count(createdt)
          from minutes
          left join TRANSACTIONS on date_trunc('min', TRANSACTIONS.createdt) = minutes.datetime and channel_genesis_hash ='aa232e91fac595d553e0e8c10a58dff82438f553fd27a068ddf44bc0277fd0ef'
          group by 1
          order by 1 
[2019-12-13 14:21:15.721] [DEBUG] PgService -  the getRowByPkOne sql  select t.txhash,t.validation_code,t.payload_proposal_hash,t.creator_msp_id,t.endorser_msp_id,t.chaincodename,t.type,t.createdt,t.read_set,
        t.write_set,channel.name as channelName from TRANSACTIONS as t inner join channel on t.channel_genesis_hash=channel.channel_genesis_hash where t.txhash = '239725d01bfb987a9cbfbd02ce1f95e51e032e92136889bbcf9bd1eda285a8ea' 
[2019-12-13 14:21:16.017] [DEBUG] PgService -  the getRowsBySQlCase  select * from channel where name='dut-channel' and channel_genesis_hash='aa232e91fac595d553e0e8c10a58dff82438f553fd27a068ddf44bc0277fd0ef' 
[2019-12-13 14:21:16.028] [DEBUG] PgService -  the getRowsBySQlQuery SELECT s.id AS missing_id
    FROM generate_series(0, 15) s(id) WHERE NOT EXISTS (SELECT 1 FROM blocks WHERE blocknum = s.id and channel_genesis_hash ='aa232e91fac595d553e0e8c10a58dff82438f553fd27a068ddf44bc0277fd0ef' )
[2019-12-13 14:21:16.063] [DEBUG] PgService -  the getRowByPkOne sql select count(1) as c from peer where channel_genesis_hash='aa232e91fac595d553e0e8c10a58dff82438f553fd27a068ddf44bc0277fd0ef' and server_hostname='peer0.udn.bkeca.com' 
[2019-12-13 14:21:16.063] [DEBUG] PgService -  the getRowByPkOne sql select count(1) as c from peer_ref_channel prc where prc.peerid = 'peer0.udn.bkeca.com' and prc.channelid='aa232e91fac595d553e0e8c10a58dff82438f553fd27a068ddf44bc0277fd0ef' 
[2019-12-13 14:21:16.063] [DEBUG] PgService -  the getRowByPkOne sql select count(1) as c from peer where channel_genesis_hash='aa232e91fac595d553e0e8c10a58dff82438f553fd27a068ddf44bc0277fd0ef' and server_hostname='peer1.udn.bkeca.com' 
[2019-12-13 14:21:16.063] [DEBUG] PgService -  the getRowByPkOne sql select count(1) as c from peer_ref_channel prc where prc.peerid = 'peer1.udn.bkeca.com' and prc.channelid='aa232e91fac595d553e0e8c10a58dff82438f553fd27a068ddf44bc0277fd0ef' 
[2019-12-13 14:21:16.064] [DEBUG] PgService -  the getRowByPkOne sql select count(1) as c from peer where channel_genesis_hash='aa232e91fac595d553e0e8c10a58dff82438f553fd27a068ddf44bc0277fd0ef' and server_hostname='peer1.dut.bkeca.com' 
[2019-12-13 14:21:16.064] [DEBUG] PgService -  the getRowByPkOne sql select count(1) as c from peer_ref_channel prc where prc.peerid = 'peer1.dut.bkeca.com' and prc.channelid='aa232e91fac595d553e0e8c10a58dff82438f553fd27a068ddf44bc0277fd0ef' 
[2019-12-13 14:21:16.064] [DEBUG] PgService -  the getRowByPkOne sql select count(1) as c from peer where channel_genesis_hash='aa232e91fac595d553e0e8c10a58dff82438f553fd27a068ddf44bc0277fd0ef' and server_hostname='peer0.dut.bkeca.com' 
[2019-12-13 14:21:16.065] [DEBUG] PgService -  the getRowByPkOne sql select count(1) as c from peer_ref_channel prc where prc.peerid = 'peer0.dut.bkeca.com' and prc.channelid='aa232e91fac595d553e0e8c10a58dff82438f553fd27a068ddf44bc0277fd0ef' 
[2019-12-13 14:21:16.065] [DEBUG] PgService -  the getRowByPkOne sql select count(1) as c from peer where channel_genesis_hash='aa232e91fac595d553e0e8c10a58dff82438f553fd27a068ddf44bc0277fd0ef' and server_hostname='orderer.bkeca.com' 
[2019-12-13 14:21:16.065] [DEBUG] PgService -  the getRowByPkOne sql select count(1) as c from peer_ref_channel prc where prc.peerid = 'orderer.bkeca.com' and prc.channelid='aa232e91fac595d553e0e8c10a58dff82438f553fd27a068ddf44bc0277fd0ef' 
[2019-12-13 14:21:16.076] [DEBUG] PgService -  the getRowByPkOne sql select count(1) as c from chaincodes where name='bkeca' and
        channel_genesis_hash='aa232e91fac595d553e0e8c10a58dff82438f553fd27a068ddf44bc0277fd0ef' and version='2.0' and path='github.com/chaincode/bkeca/'
[2019-12-13 14:21:16.077] [DEBUG] PgService -  the getRowByPkOne sql select count(1) as c from peer_ref_chaincode prc where prc.peerid= 'peer0.udn.bkeca.com' and prc.chaincodeid='bkeca' and cc_version='2.0' and channelid='aa232e91fac595d553e0e8c10a58dff82438f553fd27a068ddf44bc0277fd0ef'
[2019-12-13 14:21:16.078] [DEBUG] PgService -  the getRowByPkOne sql select count(1) as c from peer_ref_chaincode prc where prc.peerid= 'peer0.dut.bkeca.com' and prc.chaincodeid='bkeca' and cc_version='2.0' and channelid='aa232e91fac595d553e0e8c10a58dff82438f553fd27a068ddf44bc0277fd0ef'
[2019-12-13 14:21:35.818] [DEBUG] PgService -  the getRowsBySQlQuery select a.* from  (
      select (select c.name from channel c where c.channel_genesis_hash =
         'aa232e91fac595d553e0e8c10a58dff82438f553fd27a068ddf44bc0277fd0ef' ) as channelname, blocks.blocknum,blocks.txcount ,blocks.datahash ,blocks.blockhash ,blocks.prehash,blocks.createdt, blocks.blksize, (
        SELECT  array_agg(txhash) as txhash FROM transactions where blockid = blocks.blocknum  and
         channel_genesis_hash = 'aa232e91fac595d553e0e8c10a58dff82438f553fd27a068ddf44bc0277fd0ef' and createdt between '2019-12-01T14:20:29.000Z' and '2019-12-13T14:20:29.000Z') from blocks where
         blocks.channel_genesis_hash ='aa232e91fac595d553e0e8c10a58dff82438f553fd27a068ddf44bc0277fd0ef' and blocknum >= 0 and blocks.createdt between '2019-12-01T14:20:29.000Z' and '2019-12-13T14:20:29.000Z'
         order by blocks.blocknum desc)  a where  a.txhash IS NOT NULL
[2019-12-13 14:21:45.998] [DEBUG] PgService -  the getRowsBySQlCase  select * from channel where name='dut-channel' and channel_genesis_hash='aa232e91fac595d553e0e8c10a58dff82438f553fd27a068ddf44bc0277fd0ef' 
[2019-12-13 14:21:46.019] [DEBUG] PgService -  the getRowByPkOne sql select count(1) as c from peer where channel_genesis_hash='aa232e91fac595d553e0e8c10a58dff82438f553fd27a068ddf44bc0277fd0ef' and server_hostname='peer1.dut.bkeca.com' 
[2019-12-13 14:21:46.019] [DEBUG] PgService -  the getRowByPkOne sql select count(1) as c from peer_ref_channel prc where prc.peerid = 'peer1.dut.bkeca.com' and prc.channelid='aa232e91fac595d553e0e8c10a58dff82438f553fd27a068ddf44bc0277fd0ef' 
[2019-12-13 14:21:46.019] [DEBUG] PgService -  the getRowByPkOne sql select count(1) as c from peer where channel_genesis_hash='aa232e91fac595d553e0e8c10a58dff82438f553fd27a068ddf44bc0277fd0ef' and server_hostname='peer0.dut.bkeca.com' 
[2019-12-13 14:21:46.020] [DEBUG] PgService -  the getRowByPkOne sql select count(1) as c from peer_ref_channel prc where prc.peerid = 'peer0.dut.bkeca.com' and prc.channelid='aa232e91fac595d553e0e8c10a58dff82438f553fd27a068ddf44bc0277fd0ef' 
[2019-12-13 14:21:46.021] [DEBUG] PgService -  the getRowByPkOne sql select count(1) as c from peer where channel_genesis_hash='aa232e91fac595d553e0e8c10a58dff82438f553fd27a068ddf44bc0277fd0ef' and server_hostname='peer0.udn.bkeca.com' 
[2019-12-13 14:21:46.021] [DEBUG] PgService -  the getRowByPkOne sql select count(1) as c from peer_ref_channel prc where prc.peerid = 'peer0.udn.bkeca.com' and prc.channelid='aa232e91fac595d553e0e8c10a58dff82438f553fd27a068ddf44bc0277fd0ef' 
[2019-12-13 14:21:46.021] [DEBUG] PgService -  the getRowByPkOne sql select count(1) as c from peer where channel_genesis_hash='aa232e91fac595d553e0e8c10a58dff82438f553fd27a068ddf44bc0277fd0ef' and server_hostname='peer1.udn.bkeca.com' 
[2019-12-13 14:21:46.022] [DEBUG] PgService -  the getRowByPkOne sql select count(1) as c from peer_ref_channel prc where prc.peerid = 'peer1.udn.bkeca.com' and prc.channelid='aa232e91fac595d553e0e8c10a58dff82438f553fd27a068ddf44bc0277fd0ef' 
[2019-12-13 14:21:46.022] [DEBUG] PgService -  the getRowByPkOne sql select count(1) as c from peer where channel_genesis_hash='aa232e91fac595d553e0e8c10a58dff82438f553fd27a068ddf44bc0277fd0ef' and server_hostname='orderer.bkeca.com' 
[2019-12-13 14:21:46.022] [DEBUG] PgService -  the getRowByPkOne sql select count(1) as c from peer_ref_channel prc where prc.peerid = 'orderer.bkeca.com' and prc.channelid='aa232e91fac595d553e0e8c10a58dff82438f553fd27a068ddf44bc0277fd0ef' 
[2019-12-13 14:21:46.030] [DEBUG] PgService -  the getRowByPkOne sql select count(1) as c from chaincodes where name='bkeca' and
        channel_genesis_hash='aa232e91fac595d553e0e8c10a58dff82438f553fd27a068ddf44bc0277fd0ef' and version='2.0' and path='github.com/chaincode/bkeca/'
[2019-12-13 14:21:46.030] [DEBUG] PgService -  the getRowByPkOne sql select count(1) as c from peer_ref_chaincode prc where prc.peerid= 'peer0.dut.bkeca.com' and prc.chaincodeid='bkeca' and cc_version='2.0' and channelid='aa232e91fac595d553e0e8c10a58dff82438f553fd27a068ddf44bc0277fd0ef'
[2019-12-13 14:21:46.031] [DEBUG] PgService -  the getRowByPkOne sql select count(1) as c from peer_ref_chaincode prc where prc.peerid= 'peer0.udn.bkeca.com' and prc.chaincodeid='bkeca' and cc_version='2.0' and channelid='aa232e91fac595d553e0e8c10a58dff82438f553fd27a068ddf44bc0277fd0ef'
[2019-12-13 14:21:56.529] [DEBUG] PgService -  the getRowsBySQlQuery  select t.creator_msp_id,t.txhash,t.type,t.chaincodename,t.createdt,channel.name as channelName from transactions as t
       inner join channel on t.channel_genesis_hash=channel.channel_genesis_hash where  t.blockid >= 0 and t.id >= 0  and
       t.channel_genesis_hash = 'aa232e91fac595d553e0e8c10a58dff82438f553fd27a068ddf44bc0277fd0ef'  and t.createdt between '2019-10-27T14:20:46.000Z' and '2019-12-13T14:20:46.000Z'  order by  t.id desc
[2019-12-13 14:22:05.924] [DEBUG] PgService -  the getRowsBySQlNoCondition  select c.id as id,c.name as channelName,c.blocks as blocks ,c.channel_genesis_hash as channel_genesis_hash,c.trans as transactions,c.createdt as createdat,c.channel_hash as channel_hash from channel c,
        peer_ref_channel pc where c.channel_genesis_hash = pc.channelid and pc.peerid='peer0.udn.bkeca.com' group by c.id ,c.name ,c.blocks  ,c.trans ,c.createdt ,c.channel_hash,c.channel_genesis_hash order by c.name 
